--------
/home/abdulkadir/Desktop/TNE2/ext/agm-package/bigclam/bigclam.Err
Wed Sep 26 17:16:10 2018
Execution stopped: (0<=ValN)&&(ValN<Vals) [Reason:'Index:0 Vals:0 MxVals:0 Type:4TVecI4TFltE'], file ../lib/GLib/ds.h, line 434
--------
--------
/home/abdulkadir/Desktop/TNE2/ext/agm-package/bigclam/bigclam.Err
Wed Sep 26 17:16:26 2018
Execution stopped: (0<=ValN)&&(ValN<Vals) [Reason:'Index:0 Vals:0 MxVals:0 Type:4TVecI4TFltE'], file ../lib/GLib/ds.h, line 434
--------
--------
/home/abdulkadir/Desktop/TNE2/ext/agm-package/bigclam/bigclam.Err
Wed Sep 26 17:16:38 2018
Execution stopped: (0<=ValN)&&(ValN<Vals) [Reason:'Index:0 Vals:0 MxVals:0 Type:4TVecI4TFltE'], file ../lib/GLib/ds.h, line 434
--------
--------
/home/abdulkadir/Desktop/TNE2/ext/agm-package/bigclam/bigclam.Err
Wed Sep 26 17:16:39 2018
Execution stopped: (0<=ValN)&&(ValN<Vals) [Reason:'Index:0 Vals:0 MxVals:0 Type:4TVecI4TFltE'], file ../lib/GLib/ds.h, line 434
--------
--------
/home/abdulkadir/Desktop/TNE2/ext/agm-package/bigclam/bigclam.Err
Fri Sep 28 11:45:36 2018
Execution stopped: (0<=ValN)&&(ValN<Vals) [Reason:'Index:168070 Vals:0 MxVals:0 Type:4TVecI5THashI4TInt4TFlt16TDefaultHashFuncIS1_EEE'], file ../lib/GLib/ds.h, line 434
--------
--------
/home/abdulkadir/Desktop/TNE2/ext/agm-package/bigclam/bigclam.Err
Fri Sep 28 11:48:56 2018
Execution stopped: (0<=ValN)&&(ValN<Vals) [Reason:'Index:168070 Vals:0 MxVals:0 Type:4TVecI5THashI4TInt4TFlt16TDefaultHashFuncIS1_EEE'], file ../lib/GLib/ds.h, line 434
--------
--------
/home/abdulkadir/Desktop/TNE2/ext/agm-package/bigclam/bigclam.Err
Fri Sep 28 11:51:16 2018
Execution stopped: (0<=ValN)&&(ValN<Vals) [Reason:'Index:168070 Vals:0 MxVals:0 Type:4TVecI5THashI4TInt4TFlt16TDefaultHashFuncIS1_EEE'], file ../lib/GLib/ds.h, line 434
--------
--------
/home/abdulkadir/Desktop/TNE2/ext/agm-package/bigclam/bigclam.Err
Fri Sep 28 11:52:31 2018
Execution stopped: (0<=ValN)&&(ValN<Vals) [Reason:'Index:168070 Vals:0 MxVals:0 Type:4TVecI5THashI4TInt4TFlt16TDefaultHashFuncIS1_EEE'], file ../lib/GLib/ds.h, line 434
--------
--------
/home/abdulkadir/Desktop/TNE2/ext/agm-package/bigclam/bigclam.Err
Fri Sep 28 11:52:31 2018
Execution stopped: (0<=ValN)&&(ValN<Vals) [Reason:'Index:168070 Vals:0 MxVals:0 Type:4TVecI5THashI4TInt4TFlt16TDefaultHashFuncIS1_EEE'], file ../lib/GLib/ds.h, line 434
--------
--------
/home/abdulkadir/Desktop/TNE2/ext/agm-package/bigclam/bigclam.Err
Fri Sep 28 11:52:32 2018
Execution stopped: (0<=ValN)&&(ValN<Vals) [Reason:'Index:168070 Vals:0 MxVals:0 Type:4TVecI5THashI4TInt4TFlt16TDefaultHashFuncIS1_EEE'], file ../lib/GLib/ds.h, line 434
--------
--------
/home/abdulkadir/Desktop/TNE2/ext/agm-package/bigclam/bigclam.Err
Fri Sep 28 11:52:38 2018
Execution stopped: (0<=ValN)&&(ValN<Vals) [Reason:'Index:168070 Vals:0 MxVals:0 Type:4TVecI5THashI4TInt4TFlt16TDefaultHashFuncIS1_EEE'], file ../lib/GLib/ds.h, line 434
--------
--------
/home/abdulkadir/Desktop/TNE2/ext/agm-package/bigclam/bigclam.Err
Fri Sep 28 11:56:26 2018
Execution stopped: (0<=ValN)&&(ValN<Vals) [Reason:'Index:168070 Vals:0 MxVals:0 Type:4TVecI5THashI4TInt4TFlt16TDefaultHashFuncIS1_EEE'], file ../lib/GLib/ds.h, line 434
--------
--------
/home/abdulkadir/Desktop/TNE2/ext/agm-package/bigclam/bigclam.Err
Fri Sep 28 11:56:26 2018
Execution stopped: (0<=ValN)&&(ValN<Vals) [Reason:'Index:168070 Vals:0 MxVals:0 Type:4TVecI5THashI4TInt4TFlt16TDefaultHashFuncIS1_EEE'], file ../lib/GLib/ds.h, line 434
--------
--------
/home/abdulkadir/Desktop/TNE2/ext/agm-package/bigclam/bigclam.Err
Fri Sep 28 11:56:28 2018
Execution stopped: (0<=ValN)&&(ValN<Vals) [Reason:'Index:168070 Vals:0 MxVals:0 Type:4TVecI5THashI4TInt4TFlt16TDefaultHashFuncIS1_EEE'], file ../lib/GLib/ds.h, line 434
--------
--------
/home/abdulkadir/Desktop/TNE2/ext/agm-package/bigclam/bigclam.Err
Fri Sep 28 11:56:28 2018
Execution stopped: (0<=ValN)&&(ValN<Vals) [Reason:'Index:168070 Vals:0 MxVals:0 Type:4TVecI5THashI4TInt4TFlt16TDefaultHashFuncIS1_EEE'], file ../lib/GLib/ds.h, line 434
--------
--------
/home/abdulkadir/Desktop/TNE2/ext/agm-package/bigclam/bigclam.Err
Fri Sep 28 11:56:33 2018
Execution stopped: (0<=ValN)&&(ValN<Vals) [Reason:'Index:168070 Vals:0 MxVals:0 Type:4TVecI5THashI4TInt4TFlt16TDefaultHashFuncIS1_EEE'], file ../lib/GLib/ds.h, line 434
--------
--------
/home/abdulkadir/Desktop/TNE2/ext/agm-package/bigclam/bigclam.Err
Fri Sep 28 11:56:33 2018
Execution stopped: (0<=ValN)&&(ValN<Vals) [Reason:'Index:168070 Vals:0 MxVals:0 Type:4TVecI5THashI4TInt4TFlt16TDefaultHashFuncIS1_EEE'], file ../lib/GLib/ds.h, line 434
--------
--------
/home/abdulkadir/Desktop/TNE2/ext/agm-package/bigclam/bigclam.Err
Fri Sep 28 11:56:33 2018
Execution stopped: (0<=ValN)&&(ValN<Vals) [Reason:'Index:168070 Vals:0 MxVals:0 Type:4TVecI5THashI4TInt4TFlt16TDefaultHashFuncIS1_EEE'], file ../lib/GLib/ds.h, line 434
--------
--------
/home/abdulkadir/Desktop/TNE2/ext/agm-package/bigclam/bigclam.Err
Sat Sep 29 18:37:16 2018
Execution stopped: 0<=_Vals, file ../lib/GLib/ds.h, line 443
--------
--------
/home/abdulkadir/Desktop/TNE2/ext/agm-package/bigclam/bigclam.Err
Sat Sep 29 18:39:59 2018
Execution stopped: 0<=_Vals, file ../lib/GLib/ds.h, line 443
--------
--------
/home/kadir/workspace/tne2020a/ext/agm-package/bigclam/bigclam.Err
Thu Feb 27 18:55:26 2020
Execution stopped: (0<=ValN)&&(ValN<Vals) [Reason:'Index:5 Vals:5 MxVals:21 Type:4TVecI4TIntE'], file ../lib/GLib/ds.h, line 434
--------
--------
/home/kadir/workspace/tne2020a/ext/agm-package/bigclam/bigclam.Err
Thu Feb 27 18:55:26 2020
Execution stopped: ((this!=GetNullRStr())&&(Refs==0))||((this==GetNullRStr())&&(Refs==1)), file ../lib/GLib/dt.h, line 351
--------
--------
/home/kadir/workspace/tne2020a/ext/agm-package/bigclam/bigclam.Err
Thu Feb 27 22:15:31 2020
Execution stopped: (0<=ValN)&&(ValN<Vals) [Reason:'Index:5 Vals:5 MxVals:21 Type:4TVecI4TIntE'], file ../lib/GLib/ds.h, line 434
--------
--------
/home/kadir/workspace/tne2020a/ext/agm-package/bigclam/bigclam.Err
Thu Feb 27 22:15:31 2020
Execution stopped: ((this!=GetNullRStr())&&(Refs==0))||((this==GetNullRStr())&&(Refs==1)), file ../lib/GLib/dt.h, line 351
--------
