--------
/home/abdulkadir/Desktop/TNE2/ext/agm-package/agmfit/agmfitmain.Err
Tue Sep 25 18:30:14 2018
Execution stopped: (0<=ValN)&&(ValN<Vals) [Reason:'Index:1 Vals:1 MxVals:16 Type:4TVecIPcE'], file ../lib/GLib/ds.h, line 434
--------
--------
/home/abdulkadir/Desktop/TNE2/ext/agm-package/agmfit/agmfitmain.Err
Wed Sep 26 15:56:36 2018
Execution stopped: NBCmty.Len() == G->GetNI(NIdV[u]).GetDeg() + 1, file ../lib/agm/agmfit.cpp, line 203
--------
--------
/home/abdulkadir/Desktop/TNE2/ext/agm-package/agmfit/agmfitmain.Err
Wed Sep 26 15:56:36 2018
Execution stopped: ((this!=GetNullRStr())&&(Refs==0))||((this==GetNullRStr())&&(Refs==1)), file ../lib/GLib/dt.h, line 351
--------
--------
/home/abdulkadir/Desktop/TNE2/ext/agm-package/agmfit/agmfitmain.Err
Wed Sep 26 15:57:52 2018
Execution stopped: NBCmty.Len() == G->GetNI(NIdV[u]).GetDeg() + 1, file ../lib/agm/agmfit.cpp, line 203
--------
--------
/home/abdulkadir/Desktop/TNE2/ext/agm-package/agmfit/agmfitmain.Err
Wed Sep 26 15:57:52 2018
Execution stopped: ((this!=GetNullRStr())&&(Refs==0))||((this==GetNullRStr())&&(Refs==1)), file ../lib/GLib/dt.h, line 351
--------
--------
/home/abdulkadir/Desktop/TNE2/ext/agm-package/agmfit/agmfitmain.Err
Wed Sep 26 16:23:19 2018
Execution stopped: NBCmty.Len() == G->GetNI(NIdV[u]).GetDeg() + 1, file ../lib/agm/agmfit.cpp, line 203
--------
--------
/home/abdulkadir/Desktop/TNE2/ext/agm-package/agmfit/agmfitmain.Err
Wed Sep 26 16:23:19 2018
Execution stopped: ((this!=GetNullRStr())&&(Refs==0))||((this==GetNullRStr())&&(Refs==1)), file ../lib/GLib/dt.h, line 351
--------
--------
/home/abdulkadir/Desktop/TNE2/ext/agm-package/agmfit/agmfitmain.Err
Wed Sep 26 16:25:03 2018
Execution stopped: NBCmty.Len() == G->GetNI(NIdV[u]).GetDeg() + 1, file ../lib/agm/agmfit.cpp, line 203
--------
--------
/home/abdulkadir/Desktop/TNE2/ext/agm-package/agmfit/agmfitmain.Err
Wed Sep 26 16:25:03 2018
Execution stopped: ((this!=GetNullRStr())&&(Refs==0))||((this==GetNullRStr())&&(Refs==1)), file ../lib/GLib/dt.h, line 351
--------
--------
/home/abdulkadir/Desktop/TNE2/ext/agm-package/agmfit/agmfitmain.Err
Wed Sep 26 16:46:46 2018
Execution stopped: NBCmty.Len() == G->GetNI(NIdV[u]).GetDeg() + 1, file ../lib/agm/agmfit.cpp, line 203
--------
--------
/home/abdulkadir/Desktop/TNE2/ext/agm-package/agmfit/agmfitmain.Err
Wed Sep 26 16:46:46 2018
Execution stopped: ((this!=GetNullRStr())&&(Refs==0))||((this==GetNullRStr())&&(Refs==1)), file ../lib/GLib/dt.h, line 351
--------
--------
/home/abdulkadir/Desktop/TNE2/ext/agm-package/agmfit/agmfitmain.Err
Wed Sep 26 16:47:34 2018
Execution stopped: NBCmty.Len() == G->GetNI(NIdV[u]).GetDeg() + 1, file ../lib/agm/agmfit.cpp, line 203
--------
--------
/home/abdulkadir/Desktop/TNE2/ext/agm-package/agmfit/agmfitmain.Err
Wed Sep 26 16:47:34 2018
Execution stopped: ((this!=GetNullRStr())&&(Refs==0))||((this==GetNullRStr())&&(Refs==1)), file ../lib/GLib/dt.h, line 351
--------
--------
/home/abdulkadir/Desktop/TNE2/ext/agm-package/agmfit/agmfitmain.Err
Wed Sep 26 16:47:59 2018
Execution stopped: NBCmty.Len() == G->GetNI(NIdV[u]).GetDeg() + 1, file ../lib/agm/agmfit.cpp, line 203
--------
--------
/home/abdulkadir/Desktop/TNE2/ext/agm-package/agmfit/agmfitmain.Err
Wed Sep 26 16:47:59 2018
Execution stopped: ((this!=GetNullRStr())&&(Refs==0))||((this==GetNullRStr())&&(Refs==1)), file ../lib/GLib/dt.h, line 351
--------
--------
/home/abdulkadir/Desktop/TNE2/ext/agm-package/agmfit/agmfitmain.Err
Wed Sep 26 16:51:32 2018
Execution stopped: NBCmty.Len() == G->GetNI(NIdV[u]).GetDeg() + 1, file ../lib/agm/agmfit.cpp, line 203
--------
--------
/home/abdulkadir/Desktop/TNE2/ext/agm-package/agmfit/agmfitmain.Err
Wed Sep 26 16:51:32 2018
Execution stopped: ((this!=GetNullRStr())&&(Refs==0))||((this==GetNullRStr())&&(Refs==1)), file ../lib/GLib/dt.h, line 351
--------
--------
/home/abdulkadir/Desktop/TNE2/ext/agm-package/agmfit/agmfitmain.Err
Wed Sep 26 16:52:23 2018
Execution stopped: NBCmty.Len() == G->GetNI(NIdV[u]).GetDeg() + 1, file ../lib/agm/agmfit.cpp, line 203
--------
--------
/home/abdulkadir/Desktop/TNE2/ext/agm-package/agmfit/agmfitmain.Err
Wed Sep 26 16:52:23 2018
Execution stopped: ((this!=GetNullRStr())&&(Refs==0))||((this==GetNullRStr())&&(Refs==1)), file ../lib/GLib/dt.h, line 351
--------
--------
/home/abdulkadir/Desktop/TNE2/ext/agm-package/agmfit/agmfitmain.Err
Wed Sep 26 16:55:50 2018
Execution stopped: NBCmty.Len() == G->GetNI(NIdV[u]).GetDeg() + 1, file ../lib/agm/agmfit.cpp, line 203
--------
--------
/home/abdulkadir/Desktop/TNE2/ext/agm-package/agmfit/agmfitmain.Err
Wed Sep 26 16:55:50 2018
Execution stopped: ((this!=GetNullRStr())&&(Refs==0))||((this==GetNullRStr())&&(Refs==1)), file ../lib/GLib/dt.h, line 351
--------
--------
/home/abdulkadir/Desktop/TNE2/ext/agm-package/agmfit/agmfitmain.Err
Wed Sep 26 16:56:44 2018
Execution stopped: NBCmty.Len() == G->GetNI(NIdV[u]).GetDeg() + 1, file ../lib/agm/agmfit.cpp, line 203
--------
--------
/home/abdulkadir/Desktop/TNE2/ext/agm-package/agmfit/agmfitmain.Err
Wed Sep 26 16:56:44 2018
Execution stopped: ((this!=GetNullRStr())&&(Refs==0))||((this==GetNullRStr())&&(Refs==1)), file ../lib/GLib/dt.h, line 351
--------
--------
/home/abdulkadir/Desktop/TNE2/ext/agm-package/agmfit/agmfitmain.Err
Wed Sep 26 17:04:45 2018
Execution stopped: NBCmty.Len() == G->GetNI(NIdV[u]).GetDeg() + 1, file ../lib/agm/agmfit.cpp, line 203
--------
--------
/home/abdulkadir/Desktop/TNE2/ext/agm-package/agmfit/agmfitmain.Err
Wed Sep 26 17:04:45 2018
Execution stopped: ((this!=GetNullRStr())&&(Refs==0))||((this==GetNullRStr())&&(Refs==1)), file ../lib/GLib/dt.h, line 351
--------
--------
/home/abdulkadir/Desktop/TNE2/ext/agm-package/agmfit/agmfitmain.Err
Wed Sep 26 17:17:50 2018
Execution stopped: NBCmty.Len() == G->GetNI(NIdV[u]).GetDeg() + 1, file ../lib/agm/agmfit.cpp, line 203
--------
--------
/home/abdulkadir/Desktop/TNE2/ext/agm-package/agmfit/agmfitmain.Err
Wed Sep 26 17:17:50 2018
Execution stopped: ((this!=GetNullRStr())&&(Refs==0))||((this==GetNullRStr())&&(Refs==1)), file ../lib/GLib/dt.h, line 351
--------
--------
/home/abdulkadir/Desktop/TNE2/ext/agm-package/agmfit/agmfitmain.Err
Wed Sep 26 17:18:28 2018
Execution stopped: NBCmty.Len() == G->GetNI(NIdV[u]).GetDeg() + 1, file ../lib/agm/agmfit.cpp, line 203
--------
--------
/home/abdulkadir/Desktop/TNE2/ext/agm-package/agmfit/agmfitmain.Err
Wed Sep 26 17:18:28 2018
Execution stopped: ((this!=GetNullRStr())&&(Refs==0))||((this==GetNullRStr())&&(Refs==1)), file ../lib/GLib/dt.h, line 351
--------
--------
/home/abdulkadir/Desktop/TNE2/ext/agm-package/agmfit/agmfitmain.Err
Wed Sep 26 17:26:09 2018
Execution stopped: NBCmty.Len() == G->GetNI(NIdV[u]).GetDeg() + 1, file ../lib/agm/agmfit.cpp, line 203
--------
--------
/home/abdulkadir/Desktop/TNE2/ext/agm-package/agmfit/agmfitmain.Err
Wed Sep 26 17:26:09 2018
Execution stopped: ((this!=GetNullRStr())&&(Refs==0))||((this==GetNullRStr())&&(Refs==1)), file ../lib/GLib/dt.h, line 351
--------
--------
/home/abdulkadir/Desktop/TNE2/ext/agm-package/agmfit/agmfitmain.Err
Wed Sep 26 17:26:23 2018
Execution stopped: NBCmty.Len() == G->GetNI(NIdV[u]).GetDeg() + 1, file ../lib/agm/agmfit.cpp, line 203
--------
--------
/home/abdulkadir/Desktop/TNE2/ext/agm-package/agmfit/agmfitmain.Err
Wed Sep 26 17:26:24 2018
Execution stopped: ((this!=GetNullRStr())&&(Refs==0))||((this==GetNullRStr())&&(Refs==1)), file ../lib/GLib/dt.h, line 351
--------
--------
/home/abdulkadir/Desktop/TNE2/ext/agm-package/agmfit/agmfitmain.Err
Wed Sep 26 17:39:22 2018
Execution stopped: NBCmty.Len() == G->GetNI(NIdV[u]).GetDeg() + 1, file ../lib/agm/agmfit.cpp, line 203
--------
--------
/home/abdulkadir/Desktop/TNE2/ext/agm-package/agmfit/agmfitmain.Err
Wed Sep 26 17:39:22 2018
Execution stopped: ((this!=GetNullRStr())&&(Refs==0))||((this==GetNullRStr())&&(Refs==1)), file ../lib/GLib/dt.h, line 351
--------
--------
/home/abdulkadir/Desktop/TNE2/ext/agm-package/agmfit/agmfitmain.Err
Wed Sep 26 17:40:02 2018
Execution stopped: NBCmty.Len() == G->GetNI(NIdV[u]).GetDeg() + 1, file ../lib/agm/agmfit.cpp, line 203
--------
--------
/home/abdulkadir/Desktop/TNE2/ext/agm-package/agmfit/agmfitmain.Err
Wed Sep 26 17:40:02 2018
Execution stopped: ((this!=GetNullRStr())&&(Refs==0))||((this==GetNullRStr())&&(Refs==1)), file ../lib/GLib/dt.h, line 351
--------
--------
/home/abdulkadir/Desktop/TNE2/ext/agm-package/agmfit/agmfitmain.Err
Thu Sep 27 17:35:13 2018
Execution stopped: NBCmty.Len() == G->GetNI(NIdV[u]).GetDeg() + 1, file ../lib/agm/agmfit.cpp, line 203
--------
--------
/home/abdulkadir/Desktop/TNE2/ext/agm-package/agmfit/agmfitmain.Err
Thu Sep 27 17:35:13 2018
Execution stopped: ((this!=GetNullRStr())&&(Refs==0))||((this==GetNullRStr())&&(Refs==1)), file ../lib/GLib/dt.h, line 351
--------
--------
/home/abdulkadir/Desktop/TNE2/ext/agm-package/agmfit/agmfitmain.Err
Thu Sep 27 17:36:51 2018
Execution stopped: NBCmty.Len() == G->GetNI(NIdV[u]).GetDeg() + 1, file ../lib/agm/agmfit.cpp, line 203
--------
--------
/home/abdulkadir/Desktop/TNE2/ext/agm-package/agmfit/agmfitmain.Err
Thu Sep 27 17:36:51 2018
Execution stopped: ((this!=GetNullRStr())&&(Refs==0))||((this==GetNullRStr())&&(Refs==1)), file ../lib/GLib/dt.h, line 351
--------
--------
/home/abdulkadir/Desktop/TNE2/ext/agm-package/agmfit/agmfitmain.Err
Thu Sep 27 17:37:53 2018
Execution stopped: NBCmty.Len() == G->GetNI(NIdV[u]).GetDeg() + 1, file ../lib/agm/agmfit.cpp, line 203
--------
--------
/home/abdulkadir/Desktop/TNE2/ext/agm-package/agmfit/agmfitmain.Err
Thu Sep 27 17:37:53 2018
Execution stopped: ((this!=GetNullRStr())&&(Refs==0))||((this==GetNullRStr())&&(Refs==1)), file ../lib/GLib/dt.h, line 351
--------
--------
/home/abdulkadir/Desktop/TNE2/ext/agm-package/agmfit/agmfitmain.Err
Thu Sep 27 17:38:09 2018
Execution stopped: NBCmty.Len() == G->GetNI(NIdV[u]).GetDeg() + 1, file ../lib/agm/agmfit.cpp, line 203
--------
--------
/home/abdulkadir/Desktop/TNE2/ext/agm-package/agmfit/agmfitmain.Err
Thu Sep 27 17:38:09 2018
Execution stopped: ((this!=GetNullRStr())&&(Refs==0))||((this==GetNullRStr())&&(Refs==1)), file ../lib/GLib/dt.h, line 351
--------
--------
/home/abdulkadir/Desktop/TNE2/ext/agm-package/agmfit/agmfitmain.Err
Thu Sep 27 17:40:51 2018
Execution stopped: NBCmty.Len() == G->GetNI(NIdV[u]).GetDeg() + 1, file ../lib/agm/agmfit.cpp, line 203
--------
--------
/home/abdulkadir/Desktop/TNE2/ext/agm-package/agmfit/agmfitmain.Err
Thu Sep 27 17:40:51 2018
Execution stopped: ((this!=GetNullRStr())&&(Refs==0))||((this==GetNullRStr())&&(Refs==1)), file ../lib/GLib/dt.h, line 351
--------
--------
/home/abdulkadir/Desktop/TNE2/ext/agm-package/agmfit/agmfitmain.Err
Thu Sep 27 17:42:15 2018
Execution stopped: NBCmty.Len() == G->GetNI(NIdV[u]).GetDeg() + 1, file ../lib/agm/agmfit.cpp, line 203
--------
--------
/home/abdulkadir/Desktop/TNE2/ext/agm-package/agmfit/agmfitmain.Err
Thu Sep 27 17:42:15 2018
Execution stopped: ((this!=GetNullRStr())&&(Refs==0))||((this==GetNullRStr())&&(Refs==1)), file ../lib/GLib/dt.h, line 351
--------
--------
/home/abdulkadir/Desktop/TNE2/ext/agm-package/agmfit/agmfitmain.Err
Thu Sep 27 17:54:10 2018
Execution stopped: NBCmty.Len() == G->GetNI(NIdV[u]).GetDeg() + 1, file ../lib/agm/agmfit.cpp, line 203
--------
--------
/home/abdulkadir/Desktop/TNE2/ext/agm-package/agmfit/agmfitmain.Err
Thu Sep 27 17:54:10 2018
Execution stopped: ((this!=GetNullRStr())&&(Refs==0))||((this==GetNullRStr())&&(Refs==1)), file ../lib/GLib/dt.h, line 351
--------
--------
/home/abdulkadir/Desktop/TNE2/ext/agm-package/agmfit/agmfitmain.Err
Thu Sep 27 17:54:10 2018
Execution stopped: NBCmty.Len() == G->GetNI(NIdV[u]).GetDeg() + 1, file ../lib/agm/agmfit.cpp, line 203
--------
--------
/home/abdulkadir/Desktop/TNE2/ext/agm-package/agmfit/agmfitmain.Err
Thu Sep 27 17:54:10 2018
Execution stopped: ((this!=GetNullRStr())&&(Refs==0))||((this==GetNullRStr())&&(Refs==1)), file ../lib/GLib/dt.h, line 351
--------
--------
/home/abdulkadir/Desktop/TNE2/ext/agm-package/agmfit/agmfitmain.Err
Thu Sep 27 18:49:24 2018
Execution stopped: NBCmty.Len() == G->GetNI(NIdV[u]).GetDeg() + 1, file ../lib/agm/agmfit.cpp, line 203
--------
--------
/home/abdulkadir/Desktop/TNE2/ext/agm-package/agmfit/agmfitmain.Err
Thu Sep 27 18:49:24 2018
Execution stopped: ((this!=GetNullRStr())&&(Refs==0))||((this==GetNullRStr())&&(Refs==1)), file ../lib/GLib/dt.h, line 351
--------
